<?xml version="1.0" encoding="UTF-8"?>
<testng-results skipped="0" failed="0" ignored="0" total="1" passed="1">
  <reporter-output>
  </reporter-output>
  <suite name="Default suite" duration-ms="15628" started-at="2020-11-19T13:50:14Z" finished-at="2020-11-19T13:50:29Z">
    <groups>
    </groups>
    <test name="Default test" duration-ms="15628" started-at="2020-11-19T13:50:14Z" finished-at="2020-11-19T13:50:29Z">
      <class name="com.navigator.loginForAdminTest.AdminUserTest">
        <test-method status="PASS" signature="initializeDriver()[pri:0, instance:com.navigator.loginForAdminTest.AdminUserTest@754ba872]" name="initializeDriver" is-config="true" duration-ms="4221" started-at="2020-11-19T13:50:14Z" finished-at="2020-11-19T13:50:18Z">
          <reporter-output>
          </reporter-output>
        </test-method> <!-- initializeDriver -->
        <test-method status="PASS" signature="logIn()[pri:0, instance:com.navigator.loginForAdminTest.AdminUserTest@754ba872]" name="logIn" is-config="true" duration-ms="3369" started-at="2020-11-19T13:50:18Z" finished-at="2020-11-19T13:50:21Z">
          <reporter-output>
          </reporter-output>
        </test-method> <!-- logIn -->
        <test-method status="PASS" signature="createAdminUser()[pri:0, instance:com.navigator.loginForAdminTest.AdminUserTest@754ba872]" name="createAdminUser" duration-ms="7434" started-at="2020-11-19T13:50:21Z" finished-at="2020-11-19T13:50:29Z">
          <reporter-output>
          </reporter-output>
        </test-method> <!-- createAdminUser -->
        <test-method status="PASS" signature="logOut()[pri:0, instance:com.navigator.loginForAdminTest.AdminUserTest@754ba872]" name="logOut" is-config="true" duration-ms="472" started-at="2020-11-19T13:50:29Z" finished-at="2020-11-19T13:50:29Z">
          <reporter-output>
          </reporter-output>
        </test-method> <!-- logOut -->
        <test-method status="PASS" signature="closedriver()[pri:0, instance:com.navigator.loginForAdminTest.AdminUserTest@754ba872]" name="closedriver" is-config="true" duration-ms="100" started-at="2020-11-19T13:50:29Z" finished-at="2020-11-19T13:50:29Z">
          <reporter-output>
          </reporter-output>
        </test-method> <!-- closedriver -->
      </class> <!-- com.navigator.loginForAdminTest.AdminUserTest -->
    </test> <!-- Default test -->
  </suite> <!-- Default suite -->
</testng-results>
